<?xml version="1.0" encoding="UTF-8"?>
<!-- Generated by org.testng.reporters.JUnitReportReporter -->
<testsuite hostname="MacBook-Pro.attlocal.net" failures="0" tests="1" name="com.qa.huld.testcases.LandingPageTest" time="17.467" errors="0" timestamp="31 Jul 2022 18:59:21 GMT" skipped="0">
  <testcase classname="com.qa.huld.testcases.LandingPageTest" name="givenTest" time="17.467"/>
</testsuite> <!-- com.qa.huld.testcases.LandingPageTest -->
