<?xml version="1.0" encoding="UTF-8"?>
<!-- Generated by org.testng.reporters.JUnitReportReporter -->
<testsuite hostname="Tohidurs-MacBook-Air.local" failures="0" tests="1" name="com.qa.huld.testcases.LandingPageTest" time="18.098" errors="0" timestamp="30 Jul 2022 19:01:19 GMT" skipped="0">
  <testcase classname="com.qa.huld.testcases.LandingPageTest" name="givenTest" time="18.098"/>
</testsuite> <!-- com.qa.huld.testcases.LandingPageTest -->
